<?xml version="1.0" encoding="UTF-8"?>
<coverage generated="1740125685348" clover="3.2.0">
  <project timestamp="1740125685348" name="All files">
    <metrics statements="21" coveredstatements="21" conditionals="14" coveredconditionals="14" methods="5" coveredmethods="5" elements="40" coveredelements="40" complexity="0" loc="21" ncloc="21" packages="1" files="1" classes="1"/>
    <file name="stockManager.js" path="/Users/antoinecaby/Documents/Année scolaire 2024-2025/TDD/ExamTDD/src/stockManager.js">
      <metrics statements="21" coveredstatements="21" conditionals="14" coveredconditionals="14" methods="5" coveredmethods="5"/>
      <line num="3" count="3" type="cond" truecount="2" falsecount="0"/>
      <line num="4" count="1" type="stmt"/>
      <line num="7" count="2" type="cond" truecount="2" falsecount="0"/>
      <line num="8" count="1" type="stmt"/>
      <line num="11" count="1" type="stmt"/>
      <line num="15" count="4" type="cond" truecount="2" falsecount="0"/>
      <line num="16" count="1" type="stmt"/>
      <line num="19" count="3" type="stmt"/>
      <line num="23" count="6" type="cond" truecount="2" falsecount="0"/>
      <line num="24" count="1" type="stmt"/>
      <line num="27" count="5" type="cond" truecount="2" falsecount="0"/>
      <line num="28" count="1" type="stmt"/>
      <line num="31" count="4" type="cond" truecount="2" falsecount="0"/>
      <line num="32" count="1" type="stmt"/>
      <line num="35" count="3" type="stmt"/>
      <line num="39" count="2" type="cond" truecount="2" falsecount="0"/>
      <line num="40" count="1" type="stmt"/>
      <line num="43" count="1" type="stmt"/>
      <line num="44" count="1" type="stmt"/>
      <line num="45" count="2" type="stmt"/>
      <line num="49" count="1" type="stmt"/>
    </file>
  </project>
</coverage>
