TN:
SF:src/stockManager.js
FN:1,addStock
FN:14,getStock
FN:22,removeStock
FN:38,getStockReport
FN:45,(anonymous_4)
FNF:5
FNH:5
FNDA:3,addStock
FNDA:4,getStock
FNDA:6,removeStock
FNDA:2,getStockReport
FNDA:2,(anonymous_4)
DA:3,3
DA:4,1
DA:7,2
DA:8,1
DA:11,1
DA:15,4
DA:16,1
DA:19,3
DA:23,6
DA:24,1
DA:27,5
DA:28,1
DA:31,4
DA:32,1
DA:35,3
DA:39,2
DA:40,1
DA:43,1
DA:44,1
DA:45,2
DA:49,1
LF:21
LH:21
BRDA:3,0,0,1
BRDA:3,0,1,2
BRDA:7,1,0,1
BRDA:7,1,1,1
BRDA:15,2,0,1
BRDA:15,2,1,3
BRDA:23,3,0,1
BRDA:23,3,1,5
BRDA:27,4,0,1
BRDA:27,4,1,4
BRDA:31,5,0,1
BRDA:31,5,1,3
BRDA:39,6,0,1
BRDA:39,6,1,1
BRF:14
BRH:14
end_of_record
